c:\users\gameuser\desktop\mystuff\kartracer\kartracer\x64\debug\vc143.pdb
c:\users\gameuser\desktop\mystuff\kartracer\kartracer\x64\debug\vc143.idb
c:\users\gameuser\desktop\mystuff\kartracer\kartracer\x64\debug\main.obj
c:\users\gameuser\desktop\mystuff\kartracer\kartracer\x64\debug\game.obj
c:\users\gameuser\desktop\mystuff\kartracer\kartracer\x64\debug\drawmap.obj
c:\users\gameuser\desktop\mystuff\kartracer\kartracer\x64\debug\player.obj
c:\users\gameuser\desktop\mystuff\kartracer\kartracer\x64\debug\globals.obj
c:\users\gameuser\desktop\mystuff\kartracer\kartracer\x64\debug\enemy.obj
c:\users\gameuser\desktop\mystuff\kartracer\kartracer\x64\debug\clicked cell.obj
c:\users\gameuser\desktop\mystuff\kartracer\x64\debug\kartracer.exe
c:\users\gameuser\desktop\mystuff\kartracer\x64\debug\kartracer.pdb
c:\users\gameuser\desktop\mystuff\kartracer\kartracer\x64\debug\kartracer.ilk
c:\users\gameuser\desktop\mystuff\kartracer\kartracer\x64\debug\getcell.obj
c:\users\gameuser\desktop\mystuff\kartracer\kartracer\x64\debug\getmousecell.obj
c:\users\gameuser\desktop\mystuff\kartracer\kartracer\x64\debug\map.obj
c:\users\gameuser\desktop\mystuff\kartracer\kartracer\x64\debug\kartracer.tlog\cl.command.1.tlog
c:\users\gameuser\desktop\mystuff\kartracer\kartracer\x64\debug\kartracer.tlog\cl.items.tlog
c:\users\gameuser\desktop\mystuff\kartracer\kartracer\x64\debug\kartracer.tlog\cl.read.1.tlog
c:\users\gameuser\desktop\mystuff\kartracer\kartracer\x64\debug\kartracer.tlog\cl.write.1.tlog
c:\users\gameuser\desktop\mystuff\kartracer\kartracer\x64\debug\kartracer.tlog\link.command.1.tlog
c:\users\gameuser\desktop\mystuff\kartracer\kartracer\x64\debug\kartracer.tlog\link.read.1.tlog
c:\users\gameuser\desktop\mystuff\kartracer\kartracer\x64\debug\kartracer.tlog\link.secondary.1.tlog
c:\users\gameuser\desktop\mystuff\kartracer\kartracer\x64\debug\kartracer.tlog\link.write.1.tlog
